[INFO] [2017-04-23 14:28:03][org.springframework.test.context.web.WebTestContextBootstrapper]Loaded default TestExecutionListener class names from location [META-INF/spring.factories]: [org.springframework.test.context.web.ServletTestExecutionListener, org.springframework.test.context.support.DependencyInjectionTestExecutionListener, org.springframework.test.context.support.DirtiesContextTestExecutionListener, org.springframework.test.context.transaction.TransactionalTestExecutionListener, org.springframework.test.context.jdbc.SqlScriptsTestExecutionListener]
  [INFO] [2017-04-23 14:28:03][org.springframework.test.context.web.WebTestContextBootstrapper]Using TestExecutionListeners: [org.springframework.test.context.web.ServletTestExecutionListener@7921b0a2, org.springframework.test.context.support.DependencyInjectionTestExecutionListener@174d20a, org.springframework.test.context.support.DirtiesContextTestExecutionListener@66d2e7d9, org.springframework.test.context.transaction.TransactionalTestExecutionListener@1efbd816, org.springframework.test.context.jdbc.SqlScriptsTestExecutionListener@6a2bcfcb]
  [INFO] [2017-04-23 14:28:03][org.springframework.beans.factory.xml.XmlBeanDefinitionReader]Loading XML bean definitions from file [C:\Users\chen\Desktop\gym\src\main\webapp\WEB-INF\spring-mvc.xml]
  [INFO] [2017-04-23 14:28:03][org.springframework.beans.factory.xml.XmlBeanDefinitionReader]Loading XML bean definitions from file [C:\Users\chen\Desktop\gym\src\main\webapp\WEB-INF\spring-mybatis.xml]
  [INFO] [2017-04-23 14:28:03][org.springframework.web.context.support.GenericWebApplicationContext]Refreshing org.springframework.web.context.support.GenericWebApplicationContext@1bce4f0a: startup date [Sun Apr 23 14:28:03 CST 2017]; root of context hierarchy
  [INFO] [2017-04-23 14:28:03][org.springframework.beans.factory.config.PropertyPlaceholderConfigurer]Loading properties file from class path resource [jdbc.properties]
  [INFO] [2017-04-23 14:28:03][org.springframework.beans.factory.annotation.AutowiredAnnotationBeanPostProcessor]JSR-330 'javax.inject.Inject' annotation found and supported for autowiring
  [INFO] [2017-04-23 14:28:04][org.springframework.web.servlet.mvc.method.annotation.RequestMappingHandlerMapping]Mapped "{[/user/{jspName}],methods=[GET],params=[],headers=[],consumes=[],produces=[],custom=[]}" onto public java.lang.String com.cvte.chen.controller.JspController.userHandler(java.lang.String)
  [INFO] [2017-04-23 14:28:04][org.springframework.web.servlet.mvc.method.annotation.RequestMappingHandlerMapping]Mapped "{[/],methods=[GET],params=[],headers=[],consumes=[],produces=[],custom=[]}" onto public java.lang.String com.cvte.chen.controller.JspController.indexHandler()
  [INFO] [2017-04-23 14:28:04][org.springframework.web.servlet.mvc.method.annotation.RequestMappingHandlerMapping]Mapped "{[/{jspName}],methods=[GET],params=[],headers=[],consumes=[],produces=[],custom=[]}" onto public java.lang.String com.cvte.chen.controller.JspController.jspHandler(java.lang.String)
  [INFO] [2017-04-23 14:28:04][org.springframework.web.servlet.mvc.method.annotation.RequestMappingHandlerMapping]Mapped "{[/user/get],methods=[GET],params=[],headers=[],consumes=[],produces=[],custom=[]}" onto public java.lang.Object com.cvte.chen.controller.UserController.get(javax.servlet.http.HttpServletRequest)
  [INFO] [2017-04-23 14:28:04][org.springframework.web.servlet.mvc.method.annotation.RequestMappingHandlerMapping]Mapped "{[/user/user/{id}],methods=[PUT],params=[],headers=[],consumes=[],produces=[],custom=[]}" onto public java.lang.Object com.cvte.chen.controller.UserController.putByid(int,javax.servlet.http.HttpServletRequest,com.cvte.chen.entity.Usertest)
  [INFO] [2017-04-23 14:28:04][org.springframework.web.servlet.mvc.method.annotation.RequestMappingHandlerMapping]Mapped "{[/user/user/{id}],methods=[DELETE],params=[],headers=[],consumes=[],produces=[],custom=[]}" onto public java.lang.Object com.cvte.chen.controller.UserController.deleteByid(int,javax.servlet.http.HttpServletRequest)
  [INFO] [2017-04-23 14:28:04][org.springframework.web.servlet.mvc.method.annotation.RequestMappingHandlerMapping]Mapped "{[/user/post],methods=[POST],params=[],headers=[],consumes=[],produces=[],custom=[]}" onto public java.lang.Object com.cvte.chen.controller.UserController.postUser(com.cvte.chen.entity.Usertest,javax.servlet.http.HttpServletRequest)
  [INFO] [2017-04-23 14:28:04][org.springframework.web.servlet.mvc.method.annotation.RequestMappingHandlerMapping]Mapped "{[/user/user/{id}],methods=[GET],params=[],headers=[],consumes=[],produces=[],custom=[]}" onto public java.lang.Object com.cvte.chen.controller.UserController.getbByid(int,javax.servlet.http.HttpServletRequest)
  [INFO] [2017-04-23 14:28:04][org.springframework.web.servlet.mvc.method.annotation.RequestMappingHandlerMapping]Mapped "{[/user/login],methods=[POST],params=[],headers=[],consumes=[],produces=[],custom=[]}" onto public java.lang.Object com.cvte.chen.controller.UserController.loginHandler(com.cvte.chen.entity.Usertest,javax.servlet.http.HttpServletRequest,javax.servlet.http.HttpServletResponse) throws java.lang.Exception
  [INFO] [2017-04-23 14:28:04][org.springframework.web.servlet.mvc.method.annotation.RequestMappingHandlerMapping]Mapped "{[/user/register],methods=[POST],params=[],headers=[],consumes=[],produces=[],custom=[]}" onto public java.lang.Object com.cvte.chen.controller.UserController.registerHandler(com.cvte.chen.entity.Usertest,javax.servlet.http.HttpServletRequest)
  [INFO] [2017-04-23 14:28:04][org.springframework.web.servlet.mvc.method.annotation.RequestMappingHandlerAdapter]Looking for @ControllerAdvice: org.springframework.web.context.support.GenericWebApplicationContext@1bce4f0a: startup date [Sun Apr 23 14:28:03 CST 2017]; root of context hierarchy
  [INFO] [2017-04-23 14:28:04][org.springframework.web.servlet.mvc.method.annotation.RequestMappingHandlerAdapter]Looking for @ControllerAdvice: org.springframework.web.context.support.GenericWebApplicationContext@1bce4f0a: startup date [Sun Apr 23 14:28:03 CST 2017]; root of context hierarchy
  [INFO] [2017-04-23 14:28:04][org.springframework.web.servlet.handler.SimpleUrlHandlerMapping]Mapped URL path [/css/**] onto handler 'org.springframework.web.servlet.resource.ResourceHttpRequestHandler#0'
  [INFO] [2017-04-23 14:28:04][org.springframework.web.servlet.handler.SimpleUrlHandlerMapping]Mapped URL path [/js/**] onto handler 'org.springframework.web.servlet.resource.ResourceHttpRequestHandler#1'
  [INFO] [2017-04-23 14:28:04][org.springframework.web.servlet.handler.SimpleUrlHandlerMapping]Mapped URL path [/img/**] onto handler 'org.springframework.web.servlet.resource.ResourceHttpRequestHandler#2'
  [INFO] [2017-04-23 14:28:04][org.springframework.web.servlet.handler.SimpleUrlHandlerMapping]Mapped URL path [/fonts/**] onto handler 'org.springframework.web.servlet.resource.ResourceHttpRequestHandler#3'
  [INFO] [2017-04-23 14:28:04][org.springframework.mock.web.MockServletContext]Initializing Spring FrameworkServlet ''
  [INFO] [2017-04-23 14:28:04][org.springframework.test.web.servlet.TestDispatcherServlet]FrameworkServlet '': initialization started
  [INFO] [2017-04-23 14:28:04][org.springframework.test.web.servlet.TestDispatcherServlet]FrameworkServlet '': initialization completed in 17 ms
  [DEBUG] [2017-04-23 14:28:05][com.cvte.chen.dao.UsertestMapper.selectAll]==>  Preparing: select * from usertest 
  [DEBUG] [2017-04-23 14:28:05][com.cvte.chen.dao.UsertestMapper.selectAll]==> Parameters: 
  [DEBUG] [2017-04-23 14:28:05][com.cvte.chen.dao.UsertestMapper.selectAll]<==      Total: 6
  [INFO] [2017-04-23 14:28:05][org.springframework.web.context.support.GenericWebApplicationContext]Closing org.springframework.web.context.support.GenericWebApplicationContext@1bce4f0a: startup date [Sun Apr 23 14:28:03 CST 2017]; root of context hierarchy
  